<?xml version="1.0" encoding="UTF-8"?>
<!-- Generated by org.testng.reporters.JUnitReportReporter -->
<testsuite skipped="2" hostname="Kroshdy-LT-9852" name="com.mobiquityinc.cafetownsend.tests.EmployeesDataTests" tests="2" failures="0" timestamp="29 Sep 2018 00:02:36 GMT" time="0.000" errors="0">
  <testcase name="shouldTheApplicationGoToHomePageAfterSelectingBackButton" time="0.000" classname="com.mobiquityinc.cafetownsend.tests.EmployeesDataTests">
    <skipped/>
  </testcase> <!-- shouldTheApplicationGoToHomePageAfterSelectingBackButton -->
  <testcase name="shouldTheDataOfTheEmployeeIsShownCorrectly" time="0.000" classname="com.mobiquityinc.cafetownsend.tests.EmployeesDataTests">
    <skipped/>
  </testcase> <!-- shouldTheDataOfTheEmployeeIsShownCorrectly -->
</testsuite> <!-- com.mobiquityinc.cafetownsend.tests.EmployeesDataTests -->
