<?xml version="1.0" encoding="UTF-8"?>
<!-- Generated by org.testng.reporters.JUnitReportReporter -->
<testsuite skipped="0" hostname="Kroshdy-LT-9852" name="com.mobiquityinc.cafetownsend.tests.EmployeesDataTests" tests="2" failures="0" timestamp="29 Sep 2018 00:08:42 GMT" time="23.278" errors="0">
  <testcase name="shouldTheDataOfTheEmployeeIsShownCorrectly" time="8.306" classname="com.mobiquityinc.cafetownsend.tests.EmployeesDataTests"/>
  <testcase name="shouldTheApplicationGoToHomePageAfterSelectingBackButton" time="14.972" classname="com.mobiquityinc.cafetownsend.tests.EmployeesDataTests"/>
</testsuite> <!-- com.mobiquityinc.cafetownsend.tests.EmployeesDataTests -->
