<?xml version="1.0" encoding="UTF-8"?>
<!-- Generated by org.testng.reporters.JUnitReportReporter -->
<testsuite skipped="0" hostname="Kroshdy-LT-9852" name="com.mobiquityinc.cafetownsend.tests.DeleteEmployeesTests" tests="2" failures="1" timestamp="29 Sep 2018 00:08:42 GMT" time="43.439" errors="0">
  <testcase name="shouldDeleteAnExistingEmployeeFromHomePage" time="19.596" classname="com.mobiquityinc.cafetownsend.tests.DeleteEmployeesTests">
    <failure type="java.lang.AssertionError" message="The employee is not deleted successfully expected [327] but found [326]">
      <![CDATA[java.lang.AssertionError: The employee is not deleted successfully expected [327] but found [326]at org.testng.Assert.fail(Assert.java:96)at org.testng.Assert.failNotEquals(Assert.java:776)at org.testng.Assert.assertEqualsImpl(Assert.java:137)at org.testng.Assert.assertEquals(Assert.java:118)at org.testng.Assert.assertEquals(Assert.java:652)at com.mobiquityinc.cafetownsend.tests.DeleteEmployeesTests.shouldDeleteAnExistingEmployeeFromHomePage(DeleteEmployeesTests.java:39)at sun.reflect.NativeMethodAccessorImpl.invoke0(Native Method)at sun.reflect.NativeMethodAccessorImpl.invoke(NativeMethodAccessorImpl.java:62)at sun.reflect.DelegatingMethodAccessorImpl.invoke(DelegatingMethodAccessorImpl.java:43)at java.lang.reflect.Method.invoke(Method.java:498)at org.testng.internal.MethodInvocationHelper.invokeMethod(MethodInvocationHelper.java:124)at org.testng.internal.Invoker.invokeMethod(Invoker.java:571)at org.testng.internal.Invoker.invokeTestMethod(Invoker.java:707)at org.testng.internal.Invoker.invokeTestMethods(Invoker.java:979)at org.testng.internal.TestMethodWorker.invokeTestMethods(TestMethodWorker.java:125)at org.testng.internal.TestMethodWorker.run(TestMethodWorker.java:109)at org.testng.TestRunner.privateRun(TestRunner.java:648)at org.testng.TestRunner.run(TestRunner.java:505)at org.testng.SuiteRunner.runTest(SuiteRunner.java:455)at org.testng.SuiteRunner.runSequentially(SuiteRunner.java:450)at org.testng.SuiteRunner.privateRun(SuiteRunner.java:415)at org.testng.SuiteRunner.run(SuiteRunner.java:364)at org.testng.SuiteRunnerWorker.runSuite(SuiteRunnerWorker.java:52)at org.testng.SuiteRunnerWorker.run(SuiteRunnerWorker.java:84)at org.testng.TestNG.runSuitesSequentially(TestNG.java:1187)at org.testng.TestNG.runSuitesLocally(TestNG.java:1116)at org.testng.TestNG.runSuites(TestNG.java:1028)at org.testng.TestNG.run(TestNG.java:996)at org.apache.maven.surefire.testng.TestNGExecutor.run(TestNGExecutor.java:283)at org.apache.maven.surefire.testng.TestNGXmlTestSuite.execute(TestNGXmlTestSuite.java:75)at org.apache.maven.surefire.testng.TestNGProvider.invoke(TestNGProvider.java:120)at org.apache.maven.surefire.booter.ForkedBooter.invokeProviderInSameClassLoader(ForkedBooter.java:383)at org.apache.maven.surefire.booter.ForkedBooter.runSuitesInProcess(ForkedBooter.java:344)at org.apache.maven.surefire.booter.ForkedBooter.execute(ForkedBooter.java:125)at org.apache.maven.surefire.booter.ForkedBooter.main(ForkedBooter.java:417)]]>
    </failure>
  </testcase> <!-- shouldDeleteAnExistingEmployeeFromHomePage -->
  <testcase name="shouldDeleteAnExistingEmployeeFromEditingAnEmployee" time="23.843" classname="com.mobiquityinc.cafetownsend.tests.DeleteEmployeesTests"/>
</testsuite> <!-- com.mobiquityinc.cafetownsend.tests.DeleteEmployeesTests -->
