<?xml version="1.0" encoding="UTF-8"?>
<!-- Generated by org.testng.reporters.JUnitReportReporter -->
<testsuite skipped="0" hostname="Kroshdy-LT-9852" name="com.mobiquityinc.cafetownsend.tests.LogoutTests" tests="1" failures="0" timestamp="29 Sep 2018 00:08:42 GMT" time="7.022" errors="0">
  <testcase name="shouldLogoutSuccessfully" time="7.022" classname="com.mobiquityinc.cafetownsend.tests.LogoutTests"/>
</testsuite> <!-- com.mobiquityinc.cafetownsend.tests.LogoutTests -->
