<?xml version="1.0" encoding="UTF-8"?>
<!-- Generated by org.testng.reporters.JUnitReportReporter -->
<testsuite skipped="0" hostname="Kroshdy-LT-9852" name="com.mobiquityinc.cafetownsend.tests.LoginTests" tests="2" failures="0" timestamp="29 Sep 2018 00:08:42 GMT" time="14.079" errors="0">
  <testcase name="shouldNotLoginWithInvalidCredentials" time="7.188" classname="com.mobiquityinc.cafetownsend.tests.LoginTests"/>
  <testcase name="shouldLoginWithValidCredentials" time="6.891" classname="com.mobiquityinc.cafetownsend.tests.LoginTests"/>
</testsuite> <!-- com.mobiquityinc.cafetownsend.tests.LoginTests -->
