<?xml version="1.0" encoding="UTF-8"?>
<!-- Generated by org.testng.reporters.JUnitReportReporter -->
<testsuite skipped="0" hostname="Kroshdy-LT-9852" name="com.mobiquityinc.cafetownsend.tests.CreateEmployeesTests" tests="3" failures="0" timestamp="29 Sep 2018 00:08:42 GMT" time="54.604" errors="0">
  <testcase name="shouldCancelAddingNewEmployee" time="22.652" classname="com.mobiquityinc.cafetownsend.tests.CreateEmployeesTests"/>
  <testcase name="shouldCreateNewEmployeeSuccessfully" time="21.884" classname="com.mobiquityinc.cafetownsend.tests.CreateEmployeesTests"/>
  <testcase name="shouldnotAddEmployeeWithInvalidDateFormat" time="10.068" classname="com.mobiquityinc.cafetownsend.tests.CreateEmployeesTests"/>
</testsuite> <!-- com.mobiquityinc.cafetownsend.tests.CreateEmployeesTests -->
